#
# A fatal error has been detected by the Java Runtime Environment:
#
#  EXCEPTION_ACCESS_VIOLATION (0xc0000005) at pc=0x00007ff89b055d08, pid=5720, tid=10044
#
# JRE version: Java(TM) SE Runtime Environment (21.0.9+7) (build 21.0.9+7-LTS-338)
# Java VM: Java HotSpot(TM) 64-Bit Server VM (21.0.9+7-LTS-338, mixed mode, sharing, tiered, compressed oops, compressed class ptrs, g1 gc, windows-amd64)
# Problematic frame:
# V  [jvm.dll+0x3b5d08]
#
# No core dump will be written. Minidumps are not enabled by default on client versions of Windows
#
# If you would like to submit a bug report, please visit:
#   https://bugreport.java.com/bugreport/crash.jsp
#

---------------  S U M M A R Y ------------

Command Line: -javaagent:C:\Program Files\JetBrains\IntelliJ IDEA Community Edition 2025.2.4\lib\idea_rt.jar=53514 -Dfile.encoding=UTF-8 -Dsun.stdout.encoding=UTF-8 -Dsun.stderr.encoding=UTF-8 --module-path=C:\Users\pipou\.m2\repository\org\openjfx\javafx-fxml\21.0.6\javafx-fxml-21.0.6-win.jar;C:\Users\pipou\IdeaProjects\Text_Analyzer\target\classes;C:\Users\pipou\.m2\repository\org\openjfx\javafx-base\21.0.6\javafx-base-21.0.6-win.jar;C:\Users\pipou\.m2\repository\org\openjfx\javafx-controls\21.0.6\javafx-controls-21.0.6-win.jar;C:\Users\pipou\.m2\repository\org\openjfx\javafx-graphics\21.0.6\javafx-graphics-21.0.6-win.jar -Djdk.module.main=com.example.text_analyzer com.example.text_analyzer/com.example.text_analyzer.HelloApplication

Host: Intel(R) Core(TM) i7-8550U CPU @ 1.80GHz, 8 cores, 7G,  Windows 11 , 64 bit Build 26100 (10.0.26100.6725)
Time: Wed Nov 12 19:19:24 2025 Romance Standard Time elapsed time: 50.925880 seconds (0d 0h 0m 50s)

---------------  T H R E A D  ---------------

Current thread (0x000002d10f2d60a0):  JavaThread "C2 CompilerThread0" daemon [_thread_in_native, id=10044, stack(0x000000fb4c500000,0x000000fb4c600000) (1024K)]


Current CompileTask:
C2:  50926 3818       4       com.sun.glass.ui.InvokeLaterDispatcher$Future::<init> (20 bytes)

Stack: [0x000000fb4c500000,0x000000fb4c600000],  sp=0x000000fb4c5fc580,  free space=1009k
Native frames: (J=compiled Java code, j=interpreted, Vv=VM code, C=native code)
V  [jvm.dll+0x3b5d08]
V  [jvm.dll+0x1e0398]
V  [jvm.dll+0x247792]
V  [jvm.dll+0x246c1f]
V  [jvm.dll+0x1c7a3e]
V  [jvm.dll+0x256329]
V  [jvm.dll+0x2548ba]
V  [jvm.dll+0x3efdee]
V  [jvm.dll+0x80265b]
V  [jvm.dll+0x6ca66d]
C  [ucrtbase.dll+0x37b0]
C  [KERNEL32.DLL+0x2e8d7]
C  [ntdll.dll+0x8c53c]


siginfo: EXCEPTION_ACCESS_VIOLATION (0xc0000005), reading address 0x0000000000000090


Registers:
RAX=0x0000000000000000, RBX=0x000002d15629559c, RCX=0x000002d156295570, RDX=0x0000000000000001
RSP=0x000000fb4c5fc580, RBP=0x000000fb4c5fc680, RSI=0x0000000000000001, RDI=0x000000fb4c5fcc20
R8 =0x0000000000000000, R9 =0x0000000000000000, R10=0x000002d10f7f2918, R11=0x0000000000000000
R12=0x0000000000000007, R13=0x0000000000000009, R14=0x000002d10f7ed5d0, R15=0x000002d156295570
RIP=0x00007ff89b055d08, EFLAGS=0x0000000000010293


Register to memory mapping:

RAX=0x0 is null
RBX=0x000002d15629559c points into unknown readable memory: 00 00 00 00
RCX=0x000002d156295570 points into unknown readable memory: 0x0000000000000000 | 00 00 00 00 00 00 00 00
RDX=0x0000000000000001 is an unknown value
RSP=0x000000fb4c5fc580 is pointing into the stack for thread: 0x000002d10f2d60a0
RBP=0x000000fb4c5fc680 is pointing into the stack for thread: 0x000002d10f2d60a0
RSI=0x0000000000000001 is an unknown value
RDI=0x000000fb4c5fcc20 is pointing into the stack for thread: 0x000002d10f2d60a0
R8 =0x0 is null
R9 =0x0 is null
R10=0x000002d10f7f2918 points into unknown readable memory: 0x0000000000000000 | 00 00 00 00 00 00 00 00
R11=0x0 is null
R12=0x0000000000000007 is an unknown value
R13=0x0000000000000009 is an unknown value
R14=0x000002d10f7ed5d0 points into unknown readable memory: 0x3ea0c6db54a14011 | 11 40 a1 54 db c6 a0 3e
R15=0x000002d156295570 points into unknown readable memory: 0x0000000000000000 | 00 00 00 00 00 00 00 00

Top of Stack: (sp=0x000000fb4c5fc580)
0x000000fb4c5fc580:   000002d1566956a4 000000fb4c5fc680
0x000000fb4c5fc590:   000000fb4c5fcc20 0000000000004780
0x000000fb4c5fc5a0:   000000fb4c5fc5d0 0000000000000006
0x000000fb4c5fc5b0:   0000000100000007 000002d1552a9640
0x000000fb4c5fc5c0:   0000000000000008 000002d1552a9620
0x000000fb4c5fc5d0:   0000000700000000 0000000e00000020
0x000000fb4c5fc5e0:   00007ff800000000 0000000900000003
0x000000fb4c5fc5f0:   0000000d0000000a 00007ff800000000
0x000000fb4c5fc600:   000000000000001e 000002d100000000
0x000000fb4c5fc610:   0000000000000003 0000000000000000
0x000000fb4c5fc620:   0000000200000051 0000000100000001
0x000000fb4c5fc630:   000002d10f7f2900 000000fb4c5fc670
0x000000fb4c5fc640:   000000fb4c5fc660 000002d1552a968c
0x000000fb4c5fc650:   000002d1552a9694 0000000000000031
0x000000fb4c5fc660:   0000000100000005 000000fb4c5fc670
0x000000fb4c5fc670:   000002d10f7f2900 00007ff89ad65671
0x000000fb4c5fc680:   0000000000000008 0000000000000001
0x000000fb4c5fc690:   000002d1555918a0 0000000000000031
0x000000fb4c5fc6a0:   0000000000000000 00007ff89b27800b
0x000000fb4c5fc6b0:   0000000000000000 000000fb4c5fc749
0x000000fb4c5fc6c0:   0000000000000000 000000fb4c5fc749
0x000000fb4c5fc6d0:   000000fb4c5fc740 00007ff89b3b982e
0x000000fb4c5fc6e0:   0000000000000008 000002d10f2d7910
0x000000fb4c5fc6f0:   0000000000000001 000002d10f2a4140
0x000000fb4c5fc700:   000002d1560a0000 0000000000000000
0x000000fb4c5fc710:   000002d1560acb20 000002d10f2a4100
0x000000fb4c5fc720:   000002d1555918a0 00007ff89b6853d8
0x000000fb4c5fc730:   0000000000000000 0000000000000000
0x000000fb4c5fc740:   0000000000000000 00007ff89b6853d8
0x000000fb4c5fc750:   0000000000000000 000002d10f2a4140
0x000000fb4c5fc760:   0000000000000000 0000000000000000
0x000000fb4c5fc770:   000002d155b43520 000000fb4c5fcd00 

Instructions: (pc=0x00007ff89b055d08)
0x00007ff89b055c08:   8b 15 42 a3 87 00 48 8d 4f 38 e8 49 4b e7 ff 84
0x00007ff89b055c18:   c0 74 2d 8b 4c 24 68 49 8b dc 0f b7 87 a4 00 00
0x00007ff89b055c28:   00 2b c8 89 4c 24 68 3b 4c 24 74 75 13 44 8b ad
0x00007ff89b055c38:   48 01 00 00 44 89 6c 24 6c 44 89 ad 40 01 00 00
0x00007ff89b055c48:   41 8b 86 a8 00 00 00 c1 e8 07 a8 01 74 59 49 8b
0x00007ff89b055c58:   cf e8 02 44 2f 00 84 c0 75 4d 45 8b 8e 94 00 00
0x00007ff89b055c68:   00 45 33 c0 41 8b 8e 90 00 00 00 41 3b c9 77 37
0x00007ff89b055c78:   0f 1f 84 00 00 00 00 00 8b c1 ff c1 4d 0b 44 c6
0x00007ff89b055c88:   38 41 3b c9 76 f2 48 8b bd 30 01 00 00 4d 85 c0
0x00007ff89b055c98:   74 1c 4c 8d 4d 84 49 8b d6 4c 8d 45 e0 48 8b cf
0x00007ff89b055ca8:   e8 f3 12 00 00 eb 07 48 8b bd 30 01 00 00 8b 55
0x00007ff89b055cb8:   88 4c 8d 45 e0 48 8b cf e8 eb 0d 00 00 8b 54 24
0x00007ff89b055cc8:   34 44 8b 64 24 30 eb 04 49 8d 5f 2c ff ca 89 54
0x00007ff89b055cd8:   24 34 85 d2 7f 05 0f 57 f6 eb 12 48 8b 44 24 48
0x00007ff89b055ce8:   66 0f 6e f2 f3 0f e6 f6 f2 0f 59 70 08 8b 03 83
0x00007ff89b055cf8:   e0 0f 3c 0c 0f 84 55 fb ff ff 49 8b 07 49 8b cf
0x00007ff89b055d08:   ff 90 90 00 00 00 48 85 c0 74 0d 48 8b c8 e8 a5
0x00007ff89b055d18:   8a e1 ff 44 8b e0 eb 06 41 bc 3f 42 0f 00 49 8b
0x00007ff89b055d28:   07 49 8b cf ff 10 45 33 c9 3d 36 01 00 00 41 8b
0x00007ff89b055d38:   f1 40 0f 95 c6 41 3b 77 18 0f 83 1f 01 00 00 66
0x00007ff89b055d48:   0f 1f 84 00 00 00 00 00 49 8b 47 08 8b ce 48 8b
0x00007ff89b055d58:   0c c8 48 8b 87 08 01 00 00 48 63 51 28 44 8b 34
0x00007ff89b055d68:   90 45 85 f6 0f 84 cd 00 00 00 48 8b 47 70 41 8b
0x00007ff89b055d78:   de 49 69 fe b0 00 00 00 48 03 78 20 41 3b f4 73
0x00007ff89b055d88:   22 e8 d2 42 2f 00 4c 8b 6c 24 48 f2 41 0f 10 4d
0x00007ff89b055d98:   08 84 c0 75 04 f2 0f 58 c9 f2 0f 58 0f f2 0f 11
0x00007ff89b055da8:   0f eb 05 4c 8b 6c 24 48 48 8b 45 e8 48 8b cb 48
0x00007ff89b055db8:   c1 e9 08 4c 8b 04 c8 48 8d 05 aa 31 87 00 4c 3b
0x00007ff89b055dc8:   c0 75 0f 41 8b d6 48 8d 4d e0 e8 29 5b 00 00 4c
0x00007ff89b055dd8:   8b c0 0f b6 cb ba 01 00 00 00 48 c1 eb 06 80 e1
0x00007ff89b055de8:   3f 83 e3 03 48 d3 e2 49 8b 0c d8 48 8b c1 48 0b
0x00007ff89b055df8:   c2 49 89 04 d8 48 85 ca 75 36 ff 45 e0 48 8d 44 


Stack slot to memory mapping:

stack at sp + 0 slots: 0x000002d1566956a4 points into unknown readable memory: 08 02 00 00
stack at sp + 1 slots: 0x000000fb4c5fc680 is pointing into the stack for thread: 0x000002d10f2d60a0
stack at sp + 2 slots: 0x000000fb4c5fcc20 is pointing into the stack for thread: 0x000002d10f2d60a0
stack at sp + 3 slots: 0x0000000000004780 is an unknown value
stack at sp + 4 slots: 0x000000fb4c5fc5d0 is pointing into the stack for thread: 0x000002d10f2d60a0
stack at sp + 5 slots: 0x0000000000000006 is an unknown value
stack at sp + 6 slots: 0x0000000100000007 is an unknown value
stack at sp + 7 slots: 0x000002d1552a9640 points into unknown readable memory: 0x000002d1551266f8 | f8 66 12 55 d1 02 00 00


---------------  P R O C E S S  ---------------

Threads class SMR info:
_java_thread_list=0x000002d15aedaa20, length=19, elements={
0x000002d172075590, 0x000002d10f2c5150, 0x000002d10f2c7dc0, 0x000002d10f2cae20,
0x000002d10f2cbd10, 0x000002d10f2d4780, 0x000002d10f2d51e0, 0x000002d10f2d60a0,
0x000002d10f2f3c60, 0x000002d10f4f2e00, 0x000002d15505e0c0, 0x000002d10f7589d0,
0x000002d15548fde0, 0x000002d15589c1e0, 0x000002d1558b4d20, 0x000002d15593eab0,
0x000002d155973170, 0x000002d155aaa380, 0x000002d155aa8940
}

Java Threads: ( => current thread )
  0x000002d172075590 JavaThread "main"                              [_thread_blocked, id=7568, stack(0x000000fb4b700000,0x000000fb4b800000) (1024K)]
  0x000002d10f2c5150 JavaThread "Reference Handler"          daemon [_thread_blocked, id=3440, stack(0x000000fb4bf00000,0x000000fb4c000000) (1024K)]
  0x000002d10f2c7dc0 JavaThread "Finalizer"                  daemon [_thread_blocked, id=12452, stack(0x000000fb4c000000,0x000000fb4c100000) (1024K)]
  0x000002d10f2cae20 JavaThread "Signal Dispatcher"          daemon [_thread_blocked, id=384, stack(0x000000fb4c100000,0x000000fb4c200000) (1024K)]
  0x000002d10f2cbd10 JavaThread "Attach Listener"            daemon [_thread_blocked, id=9244, stack(0x000000fb4c200000,0x000000fb4c300000) (1024K)]
  0x000002d10f2d4780 JavaThread "Service Thread"             daemon [_thread_blocked, id=4328, stack(0x000000fb4c300000,0x000000fb4c400000) (1024K)]
  0x000002d10f2d51e0 JavaThread "Monitor Deflation Thread"   daemon [_thread_blocked, id=3240, stack(0x000000fb4c400000,0x000000fb4c500000) (1024K)]
=>0x000002d10f2d60a0 JavaThread "C2 CompilerThread0"         daemon [_thread_in_native, id=10044, stack(0x000000fb4c500000,0x000000fb4c600000) (1024K)]
  0x000002d10f2f3c60 JavaThread "C1 CompilerThread0"         daemon [_thread_blocked, id=4852, stack(0x000000fb4c600000,0x000000fb4c700000) (1024K)]
  0x000002d10f4f2e00 JavaThread "Common-Cleaner"             daemon [_thread_blocked, id=9988, stack(0x000000fb4c700000,0x000000fb4c800000) (1024K)]
  0x000002d15505e0c0 JavaThread "Monitor Ctrl-Break"         daemon [_thread_in_native, id=11468, stack(0x000000fb4ca00000,0x000000fb4cb00000) (1024K)]
  0x000002d10f7589d0 JavaThread "Notification Thread"        daemon [_thread_blocked, id=4824, stack(0x000000fb4cb00000,0x000000fb4cc00000) (1024K)]
  0x000002d15548fde0 JavaThread "QuantumRenderer-0"          daemon [_thread_in_native, id=5716, stack(0x000000fb4c800000,0x000000fb4c900000) (1024K)]
  0x000002d15589c1e0 JavaThread "InvokeLaterDispatcher"      daemon [_thread_blocked, id=5308, stack(0x000000fb4c900000,0x000000fb4ca00000) (1024K)]
  0x000002d1558b4d20 JavaThread "JavaFX Application Thread"         [_thread_blocked, id=10132, stack(0x000000fb4cc00000,0x000000fb4cd00000) (1024K)]
  0x000002d15593eab0 JavaThread "Thread-1"                   daemon [_thread_in_native, id=8036, stack(0x000000fb4d000000,0x000000fb4d100000) (1024K)]
  0x000002d155973170 JavaThread "JavaFX-Launcher"                   [_thread_blocked, id=7744, stack(0x000000fb4d100000,0x000000fb4d200000) (1024K)]
  0x000002d155aaa380 JavaThread "Prism Font Disposer"        daemon [_thread_blocked, id=12168, stack(0x000000fb4d700000,0x000000fb4d800000) (1024K)]
  0x000002d155aa8940 JavaThread "Cleaner-0"                  daemon [_thread_blocked, id=4708, stack(0x000000fb4df00000,0x000000fb4e000000) (1024K)]
Total: 19

Other Threads:
  0x000002d10f2a4900 VMThread "VM Thread"                           [id=12548, stack(0x000000fb4be00000,0x000000fb4bf00000) (1024K)]
  0x000002d10f2965a0 WatcherThread "VM Periodic Task Thread"        [id=7260, stack(0x000000fb4bd00000,0x000000fb4be00000) (1024K)]
  0x000002d1720cd080 WorkerThread "GC Thread#0"                     [id=3700, stack(0x000000fb4b800000,0x000000fb4b900000) (1024K)]
  0x000002d1559ad5f0 WorkerThread "GC Thread#1"                     [id=5464, stack(0x000000fb4d200000,0x000000fb4d300000) (1024K)]
  0x000002d155a0a570 WorkerThread "GC Thread#2"                     [id=8892, stack(0x000000fb4d300000,0x000000fb4d400000) (1024K)]
  0x000002d155a1a6c0 WorkerThread "GC Thread#3"                     [id=1392, stack(0x000000fb4d400000,0x000000fb4d500000) (1024K)]
  0x000002d155a1ae80 WorkerThread "GC Thread#4"                     [id=13060, stack(0x000000fb4d500000,0x000000fb4d600000) (1024K)]
  0x000002d155a1ba40 WorkerThread "GC Thread#5"                     [id=11748, stack(0x000000fb4d600000,0x000000fb4d700000) (1024K)]
  0x000002d155f53cc0 WorkerThread "GC Thread#6"                     [id=2100, stack(0x000000fb4db00000,0x000000fb4dc00000) (1024K)]
  0x000002d155bddac0 WorkerThread "GC Thread#7"                     [id=8596, stack(0x000000fb4dc00000,0x000000fb4dd00000) (1024K)]
  0x000002d1720e0350 ConcurrentGCThread "G1 Main Marker"            [id=11840, stack(0x000000fb4b900000,0x000000fb4ba00000) (1024K)]
  0x000002d1720e0e60 WorkerThread "G1 Conc#0"                       [id=4464, stack(0x000000fb4ba00000,0x000000fb4bb00000) (1024K)]
  0x000002d10f159930 ConcurrentGCThread "G1 Refine#0"               [id=8084, stack(0x000000fb4bb00000,0x000000fb4bc00000) (1024K)]
  0x000002d10f15a160 ConcurrentGCThread "G1 Service"                [id=2632, stack(0x000000fb4bc00000,0x000000fb4bd00000) (1024K)]
Total: 14

Threads with active compile tasks:
C2 CompilerThread0    51441 3818       4       com.sun.glass.ui.InvokeLaterDispatcher$Future::<init> (20 bytes)
Total: 1

VM state: not at safepoint (normal execution)

VM Mutex/Monitor currently owned by a thread: None

Heap address: 0x0000000081e00000, size: 2018 MB, Compressed Oops mode: 32-bit

CDS archive(s) mapped at: [0x000002d110000000-0x000002d110c90000-0x000002d110c90000), size 13172736, SharedBaseAddress: 0x000002d110000000, ArchiveRelocationMode: 1.
Compressed class space mapped at: 0x000002d111000000-0x000002d151000000, reserved size: 1073741824
Narrow klass base: 0x000002d110000000, Narrow klass shift: 0, Narrow klass range: 0x100000000

GC Precious Log:
 CardTable entry size: 512
 Card Set container configuration: InlinePtr #cards 5 size 8 Array Of Cards #cards 12 size 40 Howl #buckets 4 coarsen threshold 1843 Howl Bitmap #cards 512 size 80 coarsen threshold 460 Card regions per heap region 1 cards per card region 2048
 CPUs: 8 total, 8 available
 Memory: 8067M
 Large Page Support: Disabled
 NUMA Support: Disabled
 Compressed Oops: Enabled (32-bit)
 Heap Region Size: 1M
 Heap Min Capacity: 8M
 Heap Initial Capacity: 128M
 Heap Max Capacity: 2018M
 Pre-touch: Disabled
 Parallel Workers: 8
 Concurrent Workers: 2
 Concurrent Refinement Workers: 8
 Periodic GC: Disabled

Heap:
 garbage-first heap   total 131072K, used 54248K [0x0000000081e00000, 0x0000000100000000)
  region size 1024K, 51 young (52224K), 5 survivors (5120K)
 Metaspace       used 18909K, committed 19264K, reserved 1114112K
  class space    used 2847K, committed 3008K, reserved 1048576K

Heap Regions: E=young(eden), S=young(survivor), O=old, HS=humongous(starts), HC=humongous(continues), CS=collection set, F=free, TAMS=top-at-mark-start, PB=parsable bottom
|   0|0x0000000081e00000, 0x0000000081efa1c0, 0x0000000081f00000| 97%| O|  |TAMS 0x0000000081e00000| PB 0x0000000081e00000| Untracked 
|   1|0x0000000081f00000, 0x0000000082000000, 0x0000000082000000|100%|HS|  |TAMS 0x0000000081f00000| PB 0x0000000081f00000| Complete 
|   2|0x0000000082000000, 0x0000000082100000, 0x0000000082100000|100%|HC|  |TAMS 0x0000000082000000| PB 0x0000000082000000| Complete 
|   3|0x0000000082100000, 0x0000000082100000, 0x0000000082200000|  0%| F|  |TAMS 0x0000000082100000| PB 0x0000000082100000| Untracked 
|   4|0x0000000082200000, 0x0000000082200000, 0x0000000082300000|  0%| F|  |TAMS 0x0000000082200000| PB 0x0000000082200000| Untracked 
|   5|0x0000000082300000, 0x0000000082300000, 0x0000000082400000|  0%| F|  |TAMS 0x0000000082300000| PB 0x0000000082300000| Untracked 
|   6|0x0000000082400000, 0x0000000082400000, 0x0000000082500000|  0%| F|  |TAMS 0x0000000082400000| PB 0x0000000082400000| Untracked 
|   7|0x0000000082500000, 0x0000000082500000, 0x0000000082600000|  0%| F|  |TAMS 0x0000000082500000| PB 0x0000000082500000| Untracked 
|   8|0x0000000082600000, 0x0000000082600000, 0x0000000082700000|  0%| F|  |TAMS 0x0000000082600000| PB 0x0000000082600000| Untracked 
|   9|0x0000000082700000, 0x0000000082700000, 0x0000000082800000|  0%| F|  |TAMS 0x0000000082700000| PB 0x0000000082700000| Untracked 
|  10|0x0000000082800000, 0x0000000082800000, 0x0000000082900000|  0%| F|  |TAMS 0x0000000082800000| PB 0x0000000082800000| Untracked 
|  11|0x0000000082900000, 0x0000000082900000, 0x0000000082a00000|  0%| F|  |TAMS 0x0000000082900000| PB 0x0000000082900000| Untracked 
|  12|0x0000000082a00000, 0x0000000082a00000, 0x0000000082b00000|  0%| F|  |TAMS 0x0000000082a00000| PB 0x0000000082a00000| Untracked 
|  13|0x0000000082b00000, 0x0000000082b00000, 0x0000000082c00000|  0%| F|  |TAMS 0x0000000082b00000| PB 0x0000000082b00000| Untracked 
|  14|0x0000000082c00000, 0x0000000082c00000, 0x0000000082d00000|  0%| F|  |TAMS 0x0000000082c00000| PB 0x0000000082c00000| Untracked 
|  15|0x0000000082d00000, 0x0000000082d00000, 0x0000000082e00000|  0%| F|  |TAMS 0x0000000082d00000| PB 0x0000000082d00000| Untracked 
|  16|0x0000000082e00000, 0x0000000082e00000, 0x0000000082f00000|  0%| F|  |TAMS 0x0000000082e00000| PB 0x0000000082e00000| Untracked 
|  17|0x0000000082f00000, 0x0000000082f00000, 0x0000000083000000|  0%| F|  |TAMS 0x0000000082f00000| PB 0x0000000082f00000| Untracked 
|  18|0x0000000083000000, 0x0000000083000000, 0x0000000083100000|  0%| F|  |TAMS 0x0000000083000000| PB 0x0000000083000000| Untracked 
|  19|0x0000000083100000, 0x0000000083100000, 0x0000000083200000|  0%| F|  |TAMS 0x0000000083100000| PB 0x0000000083100000| Untracked 
|  20|0x0000000083200000, 0x0000000083200000, 0x0000000083300000|  0%| F|  |TAMS 0x0000000083200000| PB 0x0000000083200000| Untracked 
|  21|0x0000000083300000, 0x0000000083300000, 0x0000000083400000|  0%| F|  |TAMS 0x0000000083300000| PB 0x0000000083300000| Untracked 
|  22|0x0000000083400000, 0x0000000083400000, 0x0000000083500000|  0%| F|  |TAMS 0x0000000083400000| PB 0x0000000083400000| Untracked 
|  23|0x0000000083500000, 0x0000000083500000, 0x0000000083600000|  0%| F|  |TAMS 0x0000000083500000| PB 0x0000000083500000| Untracked 
|  24|0x0000000083600000, 0x0000000083600000, 0x0000000083700000|  0%| F|  |TAMS 0x0000000083600000| PB 0x0000000083600000| Untracked 
|  25|0x0000000083700000, 0x0000000083700000, 0x0000000083800000|  0%| F|  |TAMS 0x0000000083700000| PB 0x0000000083700000| Untracked 
|  26|0x0000000083800000, 0x0000000083800000, 0x0000000083900000|  0%| F|  |TAMS 0x0000000083800000| PB 0x0000000083800000| Untracked 
|  27|0x0000000083900000, 0x0000000083900000, 0x0000000083a00000|  0%| F|  |TAMS 0x0000000083900000| PB 0x0000000083900000| Untracked 
|  28|0x0000000083a00000, 0x0000000083a00000, 0x0000000083b00000|  0%| F|  |TAMS 0x0000000083a00000| PB 0x0000000083a00000| Untracked 
|  29|0x0000000083b00000, 0x0000000083b00000, 0x0000000083c00000|  0%| F|  |TAMS 0x0000000083b00000| PB 0x0000000083b00000| Untracked 
|  30|0x0000000083c00000, 0x0000000083c00000, 0x0000000083d00000|  0%| F|  |TAMS 0x0000000083c00000| PB 0x0000000083c00000| Untracked 
|  31|0x0000000083d00000, 0x0000000083d00000, 0x0000000083e00000|  0%| F|  |TAMS 0x0000000083d00000| PB 0x0000000083d00000| Untracked 
|  32|0x0000000083e00000, 0x0000000083e00000, 0x0000000083f00000|  0%| F|  |TAMS 0x0000000083e00000| PB 0x0000000083e00000| Untracked 
|  33|0x0000000083f00000, 0x0000000083f00000, 0x0000000084000000|  0%| F|  |TAMS 0x0000000083f00000| PB 0x0000000083f00000| Untracked 
|  34|0x0000000084000000, 0x0000000084000000, 0x0000000084100000|  0%| F|  |TAMS 0x0000000084000000| PB 0x0000000084000000| Untracked 
|  35|0x0000000084100000, 0x0000000084100000, 0x0000000084200000|  0%| F|  |TAMS 0x0000000084100000| PB 0x0000000084100000| Untracked 
|  36|0x0000000084200000, 0x0000000084200000, 0x0000000084300000|  0%| F|  |TAMS 0x0000000084200000| PB 0x0000000084200000| Untracked 
|  37|0x0000000084300000, 0x0000000084300000, 0x0000000084400000|  0%| F|  |TAMS 0x0000000084300000| PB 0x0000000084300000| Untracked 
|  38|0x0000000084400000, 0x0000000084400000, 0x0000000084500000|  0%| F|  |TAMS 0x0000000084400000| PB 0x0000000084400000| Untracked 
|  39|0x0000000084500000, 0x0000000084500000, 0x0000000084600000|  0%| F|  |TAMS 0x0000000084500000| PB 0x0000000084500000| Untracked 
|  40|0x0000000084600000, 0x0000000084600000, 0x0000000084700000|  0%| F|  |TAMS 0x0000000084600000| PB 0x0000000084600000| Untracked 
|  41|0x0000000084700000, 0x0000000084700000, 0x0000000084800000|  0%| F|  |TAMS 0x0000000084700000| PB 0x0000000084700000| Untracked 
|  42|0x0000000084800000, 0x0000000084800000, 0x0000000084900000|  0%| F|  |TAMS 0x0000000084800000| PB 0x0000000084800000| Untracked 
|  43|0x0000000084900000, 0x0000000084900000, 0x0000000084a00000|  0%| F|  |TAMS 0x0000000084900000| PB 0x0000000084900000| Untracked 
|  44|0x0000000084a00000, 0x0000000084a00000, 0x0000000084b00000|  0%| F|  |TAMS 0x0000000084a00000| PB 0x0000000084a00000| Untracked 
|  45|0x0000000084b00000, 0x0000000084b00000, 0x0000000084c00000|  0%| F|  |TAMS 0x0000000084b00000| PB 0x0000000084b00000| Untracked 
|  46|0x0000000084c00000, 0x0000000084c00000, 0x0000000084d00000|  0%| F|  |TAMS 0x0000000084c00000| PB 0x0000000084c00000| Untracked 
|  47|0x0000000084d00000, 0x0000000084d00000, 0x0000000084e00000|  0%| F|  |TAMS 0x0000000084d00000| PB 0x0000000084d00000| Untracked 
|  48|0x0000000084e00000, 0x0000000084e00000, 0x0000000084f00000|  0%| F|  |TAMS 0x0000000084e00000| PB 0x0000000084e00000| Untracked 
|  49|0x0000000084f00000, 0x0000000084f00000, 0x0000000085000000|  0%| F|  |TAMS 0x0000000084f00000| PB 0x0000000084f00000| Untracked 
|  50|0x0000000085000000, 0x0000000085000000, 0x0000000085100000|  0%| F|  |TAMS 0x0000000085000000| PB 0x0000000085000000| Untracked 
|  51|0x0000000085100000, 0x0000000085100000, 0x0000000085200000|  0%| F|  |TAMS 0x0000000085100000| PB 0x0000000085100000| Untracked 
|  52|0x0000000085200000, 0x0000000085200000, 0x0000000085300000|  0%| F|  |TAMS 0x0000000085200000| PB 0x0000000085200000| Untracked 
|  53|0x0000000085300000, 0x0000000085300000, 0x0000000085400000|  0%| F|  |TAMS 0x0000000085300000| PB 0x0000000085300000| Untracked 
|  54|0x0000000085400000, 0x0000000085400000, 0x0000000085500000|  0%| F|  |TAMS 0x0000000085400000| PB 0x0000000085400000| Untracked 
|  55|0x0000000085500000, 0x0000000085500000, 0x0000000085600000|  0%| F|  |TAMS 0x0000000085500000| PB 0x0000000085500000| Untracked 
|  56|0x0000000085600000, 0x0000000085600000, 0x0000000085700000|  0%| F|  |TAMS 0x0000000085600000| PB 0x0000000085600000| Untracked 
|  57|0x0000000085700000, 0x0000000085700000, 0x0000000085800000|  0%| F|  |TAMS 0x0000000085700000| PB 0x0000000085700000| Untracked 
|  58|0x0000000085800000, 0x0000000085800000, 0x0000000085900000|  0%| F|  |TAMS 0x0000000085800000| PB 0x0000000085800000| Untracked 
|  59|0x0000000085900000, 0x0000000085900000, 0x0000000085a00000|  0%| F|  |TAMS 0x0000000085900000| PB 0x0000000085900000| Untracked 
|  60|0x0000000085a00000, 0x0000000085a00000, 0x0000000085b00000|  0%| F|  |TAMS 0x0000000085a00000| PB 0x0000000085a00000| Untracked 
|  61|0x0000000085b00000, 0x0000000085b00000, 0x0000000085c00000|  0%| F|  |TAMS 0x0000000085b00000| PB 0x0000000085b00000| Untracked 
|  62|0x0000000085c00000, 0x0000000085c00000, 0x0000000085d00000|  0%| F|  |TAMS 0x0000000085c00000| PB 0x0000000085c00000| Untracked 
|  63|0x0000000085d00000, 0x0000000085d00000, 0x0000000085e00000|  0%| F|  |TAMS 0x0000000085d00000| PB 0x0000000085d00000| Untracked 
|  64|0x0000000085e00000, 0x0000000085e00000, 0x0000000085f00000|  0%| F|  |TAMS 0x0000000085e00000| PB 0x0000000085e00000| Untracked 
|  65|0x0000000085f00000, 0x0000000085f00000, 0x0000000086000000|  0%| F|  |TAMS 0x0000000085f00000| PB 0x0000000085f00000| Untracked 
|  66|0x0000000086000000, 0x0000000086000000, 0x0000000086100000|  0%| F|  |TAMS 0x0000000086000000| PB 0x0000000086000000| Untracked 
|  67|0x0000000086100000, 0x0000000086100000, 0x0000000086200000|  0%| F|  |TAMS 0x0000000086100000| PB 0x0000000086100000| Untracked 
|  68|0x0000000086200000, 0x0000000086200000, 0x0000000086300000|  0%| F|  |TAMS 0x0000000086200000| PB 0x0000000086200000| Untracked 
|  69|0x0000000086300000, 0x0000000086300000, 0x0000000086400000|  0%| F|  |TAMS 0x0000000086300000| PB 0x0000000086300000| Untracked 
|  70|0x0000000086400000, 0x0000000086400000, 0x0000000086500000|  0%| F|  |TAMS 0x0000000086400000| PB 0x0000000086400000| Untracked 
|  71|0x0000000086500000, 0x0000000086500000, 0x0000000086600000|  0%| F|  |TAMS 0x0000000086500000| PB 0x0000000086500000| Untracked 
|  72|0x0000000086600000, 0x0000000086600000, 0x0000000086700000|  0%| F|  |TAMS 0x0000000086600000| PB 0x0000000086600000| Untracked 
|  73|0x0000000086700000, 0x0000000086700000, 0x0000000086800000|  0%| F|  |TAMS 0x0000000086700000| PB 0x0000000086700000| Untracked 
|  74|0x0000000086800000, 0x0000000086800000, 0x0000000086900000|  0%| F|  |TAMS 0x0000000086800000| PB 0x0000000086800000| Untracked 
|  75|0x0000000086900000, 0x0000000086900000, 0x0000000086a00000|  0%| F|  |TAMS 0x0000000086900000| PB 0x0000000086900000| Untracked 
|  76|0x0000000086a00000, 0x0000000086a00000, 0x0000000086b00000|  0%| F|  |TAMS 0x0000000086a00000| PB 0x0000000086a00000| Untracked 
|  77|0x0000000086b00000, 0x0000000086b58ea8, 0x0000000086c00000| 34%| E|  |TAMS 0x0000000086b00000| PB 0x0000000086b00000| Complete 
|  78|0x0000000086c00000, 0x0000000086d00000, 0x0000000086d00000|100%| E|CS|TAMS 0x0000000086c00000| PB 0x0000000086c00000| Complete 
|  79|0x0000000086d00000, 0x0000000086e00000, 0x0000000086e00000|100%| E|CS|TAMS 0x0000000086d00000| PB 0x0000000086d00000| Complete 
|  80|0x0000000086e00000, 0x0000000086f00000, 0x0000000086f00000|100%| E|CS|TAMS 0x0000000086e00000| PB 0x0000000086e00000| Complete 
|  81|0x0000000086f00000, 0x0000000087000000, 0x0000000087000000|100%| E|CS|TAMS 0x0000000086f00000| PB 0x0000000086f00000| Complete 
|  82|0x0000000087000000, 0x0000000087100000, 0x0000000087100000|100%| E|CS|TAMS 0x0000000087000000| PB 0x0000000087000000| Complete 
|  83|0x0000000087100000, 0x0000000087200000, 0x0000000087200000|100%| E|CS|TAMS 0x0000000087100000| PB 0x0000000087100000| Complete 
|  84|0x0000000087200000, 0x0000000087300000, 0x0000000087300000|100%| E|CS|TAMS 0x0000000087200000| PB 0x0000000087200000| Complete 
|  85|0x0000000087300000, 0x0000000087400000, 0x0000000087400000|100%| E|CS|TAMS 0x0000000087300000| PB 0x0000000087300000| Complete 
|  86|0x0000000087400000, 0x0000000087500000, 0x0000000087500000|100%| S|CS|TAMS 0x0000000087400000| PB 0x0000000087400000| Complete 
|  87|0x0000000087500000, 0x0000000087600000, 0x0000000087600000|100%| S|CS|TAMS 0x0000000087500000| PB 0x0000000087500000| Complete 
|  88|0x0000000087600000, 0x0000000087700000, 0x0000000087700000|100%| S|CS|TAMS 0x0000000087600000| PB 0x0000000087600000| Complete 
|  89|0x0000000087700000, 0x0000000087800000, 0x0000000087800000|100%| S|CS|TAMS 0x0000000087700000| PB 0x0000000087700000| Complete 
|  90|0x0000000087800000, 0x0000000087900000, 0x0000000087900000|100%| S|CS|TAMS 0x0000000087800000| PB 0x0000000087800000| Complete 
|  91|0x0000000087900000, 0x0000000087a00000, 0x0000000087a00000|100%| E|CS|TAMS 0x0000000087900000| PB 0x0000000087900000| Complete 
|  92|0x0000000087a00000, 0x0000000087b00000, 0x0000000087b00000|100%| E|CS|TAMS 0x0000000087a00000| PB 0x0000000087a00000| Complete 
|  93|0x0000000087b00000, 0x0000000087c00000, 0x0000000087c00000|100%| E|CS|TAMS 0x0000000087b00000| PB 0x0000000087b00000| Complete 
|  94|0x0000000087c00000, 0x0000000087d00000, 0x0000000087d00000|100%| E|CS|TAMS 0x0000000087c00000| PB 0x0000000087c00000| Complete 
|  95|0x0000000087d00000, 0x0000000087e00000, 0x0000000087e00000|100%| E|CS|TAMS 0x0000000087d00000| PB 0x0000000087d00000| Complete 
|  96|0x0000000087e00000, 0x0000000087f00000, 0x0000000087f00000|100%| E|CS|TAMS 0x0000000087e00000| PB 0x0000000087e00000| Complete 
|  97|0x0000000087f00000, 0x0000000088000000, 0x0000000088000000|100%| E|CS|TAMS 0x0000000087f00000| PB 0x0000000087f00000| Complete 
|  98|0x0000000088000000, 0x0000000088100000, 0x0000000088100000|100%| E|CS|TAMS 0x0000000088000000| PB 0x0000000088000000| Complete 
|  99|0x0000000088100000, 0x0000000088200000, 0x0000000088200000|100%| E|CS|TAMS 0x0000000088100000| PB 0x0000000088100000| Complete 
| 100|0x0000000088200000, 0x0000000088300000, 0x0000000088300000|100%| E|CS|TAMS 0x0000000088200000| PB 0x0000000088200000| Complete 
| 101|0x0000000088300000, 0x0000000088400000, 0x0000000088400000|100%| E|CS|TAMS 0x0000000088300000| PB 0x0000000088300000| Complete 
| 102|0x0000000088400000, 0x0000000088500000, 0x0000000088500000|100%| E|CS|TAMS 0x0000000088400000| PB 0x0000000088400000| Complete 
| 103|0x0000000088500000, 0x0000000088600000, 0x0000000088600000|100%| E|CS|TAMS 0x0000000088500000| PB 0x0000000088500000| Complete 
| 104|0x0000000088600000, 0x0000000088700000, 0x0000000088700000|100%| E|CS|TAMS 0x0000000088600000| PB 0x0000000088600000| Complete 
| 105|0x0000000088700000, 0x0000000088800000, 0x0000000088800000|100%| E|CS|TAMS 0x0000000088700000| PB 0x0000000088700000| Complete 
| 106|0x0000000088800000, 0x0000000088900000, 0x0000000088900000|100%| E|CS|TAMS 0x0000000088800000| PB 0x0000000088800000| Complete 
| 107|0x0000000088900000, 0x0000000088a00000, 0x0000000088a00000|100%| E|CS|TAMS 0x0000000088900000| PB 0x0000000088900000| Complete 
| 108|0x0000000088a00000, 0x0000000088b00000, 0x0000000088b00000|100%| E|CS|TAMS 0x0000000088a00000| PB 0x0000000088a00000| Complete 
| 109|0x0000000088b00000, 0x0000000088c00000, 0x0000000088c00000|100%| E|CS|TAMS 0x0000000088b00000| PB 0x0000000088b00000| Complete 
| 110|0x0000000088c00000, 0x0000000088d00000, 0x0000000088d00000|100%| E|CS|TAMS 0x0000000088c00000| PB 0x0000000088c00000| Complete 
| 111|0x0000000088d00000, 0x0000000088e00000, 0x0000000088e00000|100%| E|CS|TAMS 0x0000000088d00000| PB 0x0000000088d00000| Complete 
| 112|0x0000000088e00000, 0x0000000088f00000, 0x0000000088f00000|100%| E|CS|TAMS 0x0000000088e00000| PB 0x0000000088e00000| Complete 
| 113|0x0000000088f00000, 0x0000000089000000, 0x0000000089000000|100%| E|CS|TAMS 0x0000000088f00000| PB 0x0000000088f00000| Complete 
| 114|0x0000000089000000, 0x0000000089100000, 0x0000000089100000|100%| E|CS|TAMS 0x0000000089000000| PB 0x0000000089000000| Complete 
| 115|0x0000000089100000, 0x0000000089200000, 0x0000000089200000|100%| E|CS|TAMS 0x0000000089100000| PB 0x0000000089100000| Complete 
| 116|0x0000000089200000, 0x0000000089300000, 0x0000000089300000|100%| E|CS|TAMS 0x0000000089200000| PB 0x0000000089200000| Complete 
| 117|0x0000000089300000, 0x0000000089400000, 0x0000000089400000|100%| E|CS|TAMS 0x0000000089300000| PB 0x0000000089300000| Complete 
| 118|0x0000000089400000, 0x0000000089500000, 0x0000000089500000|100%| E|CS|TAMS 0x0000000089400000| PB 0x0000000089400000| Complete 
| 119|0x0000000089500000, 0x0000000089600000, 0x0000000089600000|100%| E|CS|TAMS 0x0000000089500000| PB 0x0000000089500000| Complete 
| 120|0x0000000089600000, 0x0000000089700000, 0x0000000089700000|100%| E|CS|TAMS 0x0000000089600000| PB 0x0000000089600000| Complete 
| 121|0x0000000089700000, 0x0000000089800000, 0x0000000089800000|100%| E|CS|TAMS 0x0000000089700000| PB 0x0000000089700000| Complete 
| 122|0x0000000089800000, 0x0000000089900000, 0x0000000089900000|100%| E|CS|TAMS 0x0000000089800000| PB 0x0000000089800000| Complete 
| 123|0x0000000089900000, 0x0000000089a00000, 0x0000000089a00000|100%| E|CS|TAMS 0x0000000089900000| PB 0x0000000089900000| Complete 
| 124|0x0000000089a00000, 0x0000000089b00000, 0x0000000089b00000|100%| E|CS|TAMS 0x0000000089a00000| PB 0x0000000089a00000| Complete 
| 125|0x0000000089b00000, 0x0000000089c00000, 0x0000000089c00000|100%| E|CS|TAMS 0x0000000089b00000| PB 0x0000000089b00000| Complete 
| 126|0x0000000089c00000, 0x0000000089d00000, 0x0000000089d00000|100%| E|CS|TAMS 0x0000000089c00000| PB 0x0000000089c00000| Complete 
| 127|0x0000000089d00000, 0x0000000089e00000, 0x0000000089e00000|100%| E|CS|TAMS 0x0000000089d00000| PB 0x0000000089d00000| Complete 

Card table byte_map: [0x000002d17b3f0000,0x000002d17b7f0000] _byte_map_base: 0x000002d17afe1000

Marking Bits: (CMBitMap*) 0x000002d1720cdfa0
 Bits: [0x000002d17b7f0000, 0x000002d17d778000)

Polling page: 0x000002d170600000

Metaspace:

Usage:
  Non-class:     15.69 MB used.
      Class:      2.78 MB used.
       Both:     18.47 MB used.

Virtual space:
  Non-class space:       64.00 MB reserved,      15.88 MB ( 25%) committed,  1 nodes.
      Class space:        1.00 GB reserved,       2.94 MB ( <1%) committed,  1 nodes.
             Both:        1.06 GB reserved,      18.81 MB (  2%) committed. 

Chunk freelists:
   Non-Class:  15.38 MB
       Class:  13.00 MB
        Both:  28.38 MB

MaxMetaspaceSize: unlimited
CompressedClassSpaceSize: 1.00 GB
Initial GC threshold: 21.00 MB
Current GC threshold: 21.00 MB
CDS: on
 - commit_granule_bytes: 65536.
 - commit_granule_words: 8192.
 - virtual_space_node_default_size: 8388608.
 - enlarge_chunks_in_place: 1.
 - use_allocation_guard: 0.


Internal statistics:

num_allocs_failed_limit: 0.
num_arena_births: 384.
num_arena_deaths: 0.
num_vsnodes_births: 2.
num_vsnodes_deaths: 0.
num_space_committed: 301.
num_space_uncommitted: 0.
num_chunks_returned_to_freelist: 0.
num_chunks_taken_from_freelist: 1028.
num_chunk_merges: 0.
num_chunk_splits: 700.
num_chunks_enlarged: 523.
num_inconsistent_stats: 0.

CodeHeap 'non-profiled nmethods': size=120000Kb used=2354Kb max_used=2354Kb free=117645Kb
 bounds [0x000002d107ad0000, 0x000002d107d40000, 0x000002d10f000000]
CodeHeap 'profiled nmethods': size=120000Kb used=7028Kb max_used=7028Kb free=112971Kb
 bounds [0x000002d100000000, 0x000002d1006e0000, 0x000002d107530000]
CodeHeap 'non-nmethods': size=5760Kb used=1798Kb max_used=1843Kb free=3961Kb
 bounds [0x000002d107530000, 0x000002d1077a0000, 0x000002d107ad0000]
 total_blobs=4627 nmethods=3817 adapters=713
 compilation: enabled
              stopped_count=0, restarted_count=0
 full_count=0

Compilation events (20 events):
Event: 49.497 Thread 0x000002d10f2d60a0 nmethod 3808 0x000002d107d15b10 code [0x000002d107d15ca0, 0x000002d107d15d28]
Event: 49.600 Thread 0x000002d10f2d60a0 3809       4       com.sun.javafx.tk.Toolkit$$Lambda/0x000002d1112d66d8::run (8 bytes)
Event: 49.602 Thread 0x000002d10f2d60a0 nmethod 3809 0x000002d107d15e10 code [0x000002d107d15fc0, 0x000002d107d160e8]
Event: 49.614 Thread 0x000002d10f2d60a0 3810       4       com.sun.javafx.sg.prism.NGNode$PassThrough::filter (41 bytes)
Event: 49.626 Thread 0x000002d10f2d60a0 nmethod 3810 0x000002d107d16210 code [0x000002d107d163e0, 0x000002d107d16a48]
Event: 49.796 Thread 0x000002d10f2d60a0 3811       4       java.util.concurrent.locks.AbstractQueuedSynchronizer$ConditionObject::doSignal (62 bytes)
Event: 49.807 Thread 0x000002d10f2d60a0 nmethod 3811 0x000002d107d16d10 code [0x000002d107d16ec0, 0x000002d107d17568]
Event: 49.814 Thread 0x000002d10f2d60a0 3812       4       javafx.scene.Scene::getEffectiveCamera (80 bytes)
Event: 49.815 Thread 0x000002d10f2d60a0 nmethod 3812 0x000002d107d17790 code [0x000002d107d17920, 0x000002d107d179f0]
Event: 49.824 Thread 0x000002d10f2d60a0 3813       4       java.lang.Object::wait (6 bytes)
Event: 49.827 Thread 0x000002d10f2d60a0 nmethod 3813 0x000002d107d17b10 code [0x000002d107d17ce0, 0x000002d107d17eb8]
Event: 49.830 Thread 0x000002d10f2d60a0 3814   !   4       java.util.concurrent.LinkedBlockingDeque::takeFirst (47 bytes)
Event: 49.898 Thread 0x000002d10f2d60a0 nmethod 3814 0x000002d107d18110 code [0x000002d107d183e0, 0x000002d107d19d78]
Event: 49.900 Thread 0x000002d10f2d60a0 3815       4       javafx.scene.Scene$MouseHandler::updateCursorFrame (61 bytes)
Event: 49.902 Thread 0x000002d10f2d60a0 nmethod 3815 0x000002d107d1a610 code [0x000002d107d1a7a0, 0x000002d107d1a898]
Event: 49.980 Thread 0x000002d10f2d60a0 3816   !   4       java.util.concurrent.LinkedBlockingDeque::offerLast (53 bytes)
Event: 50.012 Thread 0x000002d10f2d60a0 nmethod 3816 0x000002d107d1a990 code [0x000002d107d1abe0, 0x000002d107d1bc98]
Event: 50.680 Thread 0x000002d10f2d60a0 3817       4       com.sun.scenario.effect.impl.EffectPeer::getTextureCoordinates (16 bytes)
Event: 50.685 Thread 0x000002d10f2d60a0 nmethod 3817 0x000002d107d1c310 code [0x000002d107d1c4c0, 0x000002d107d1c6f8]
Event: 50.896 Thread 0x000002d10f2d60a0 3818       4       com.sun.glass.ui.InvokeLaterDispatcher$Future::<init> (20 bytes)

GC Heap History (4 events):
Event: 1.346 GC heap before
{Heap before GC invocations=0 (full 0):
 garbage-first heap   total 131072K, used 22528K [0x0000000081e00000, 0x0000000100000000)
  region size 1024K, 23 young (23552K), 0 survivors (0K)
 Metaspace       used 5114K, committed 5376K, reserved 1114112K
  class space    used 588K, committed 704K, reserved 1048576K
}
Event: 1.352 GC heap after
{Heap after GC invocations=1 (full 0):
 garbage-first heap   total 131072K, used 2687K [0x0000000081e00000, 0x0000000100000000)
  region size 1024K, 3 young (3072K), 3 survivors (3072K)
 Metaspace       used 5114K, committed 5376K, reserved 1114112K
  class space    used 588K, committed 704K, reserved 1048576K
}
Event: 2.504 GC heap before
{Heap before GC invocations=1 (full 0):
 garbage-first heap   total 131072K, used 36479K [0x0000000081e00000, 0x0000000100000000)
  region size 1024K, 37 young (37888K), 3 survivors (3072K)
 Metaspace       used 12918K, committed 13184K, reserved 1114112K
  class space    used 1870K, committed 1984K, reserved 1048576K
}
Event: 2.514 GC heap after
{Heap after GC invocations=2 (full 0):
 garbage-first heap   total 131072K, used 6120K [0x0000000081e00000, 0x0000000100000000)
  region size 1024K, 5 young (5120K), 5 survivors (5120K)
 Metaspace       used 12918K, committed 13184K, reserved 1114112K
  class space    used 1870K, committed 1984K, reserved 1048576K
}

Dll operation events (20 events):
Event: 0.831 Loaded shared library C:\Users\pipou\.openjfx\cache\21.0.6+3\amd64\api-ms-win-crt-locale-l1-1-0.dll
Event: 0.839 Loaded shared library C:\Users\pipou\.openjfx\cache\21.0.6+3\amd64\api-ms-win-crt-math-l1-1-0.dll
Event: 0.847 Loaded shared library C:\Users\pipou\.openjfx\cache\21.0.6+3\amd64\api-ms-win-crt-multibyte-l1-1-0.dll
Event: 0.855 Loaded shared library C:\Users\pipou\.openjfx\cache\21.0.6+3\amd64\api-ms-win-crt-private-l1-1-0.dll
Event: 0.862 Loaded shared library C:\Users\pipou\.openjfx\cache\21.0.6+3\amd64\api-ms-win-crt-process-l1-1-0.dll
Event: 0.870 Loaded shared library C:\Users\pipou\.openjfx\cache\21.0.6+3\amd64\api-ms-win-crt-runtime-l1-1-0.dll
Event: 0.876 Loaded shared library C:\Users\pipou\.openjfx\cache\21.0.6+3\amd64\api-ms-win-crt-stdio-l1-1-0.dll
Event: 0.884 Loaded shared library C:\Users\pipou\.openjfx\cache\21.0.6+3\amd64\api-ms-win-crt-string-l1-1-0.dll
Event: 0.891 Loaded shared library C:\Users\pipou\.openjfx\cache\21.0.6+3\amd64\api-ms-win-crt-time-l1-1-0.dll
Event: 0.898 Loaded shared library C:\Users\pipou\.openjfx\cache\21.0.6+3\amd64\api-ms-win-crt-utility-l1-1-0.dll
Event: 0.925 Loaded shared library C:\Users\pipou\.openjfx\cache\21.0.6+3\amd64\ucrtbase.dll
Event: 0.933 Loaded shared library C:\Users\pipou\.openjfx\cache\21.0.6+3\amd64\vcruntime140.dll
Event: 0.938 Loaded shared library C:\Users\pipou\.openjfx\cache\21.0.6+3\amd64\vcruntime140_1.dll
Event: 0.953 Loaded shared library C:\Users\pipou\.openjfx\cache\21.0.6+3\amd64\msvcp140.dll
Event: 0.958 Loaded shared library C:\Users\pipou\.openjfx\cache\21.0.6+3\amd64\msvcp140_1.dll
Event: 0.968 Loaded shared library C:\Users\pipou\.openjfx\cache\21.0.6+3\amd64\msvcp140_2.dll
Event: 1.037 Loaded shared library C:\Users\pipou\.openjfx\cache\21.0.6+3\amd64\prism_d3d.dll
Event: 1.150 Loaded shared library C:\Users\pipou\.openjfx\cache\21.0.6+3\amd64\glass.dll
Event: 1.343 Loaded shared library C:\Program Files\Java\jdk-21\bin\jimage.dll
Event: 1.664 Loaded shared library C:\Users\pipou\.openjfx\cache\21.0.6+3\amd64\javafx_font.dll

Deoptimization events (20 events):
Event: 23.485 Thread 0x000002d15548fde0 Uncommon trap: trap_request=0xffffff45 fr.pc=0x000002d107cc4a70 relative=0x0000000000000130
Event: 23.485 Thread 0x000002d15548fde0 Uncommon trap: reason=unstable_if action=reinterpret pc=0x000002d107cc4a70 method=com.sun.prism.impl.ManagedResource.bumpAge(I)V @ 7 c2
Event: 23.485 Thread 0x000002d15548fde0 DEOPT PACKING pc=0x000002d107cc4a70 sp=0x000000fb4c8fedf0
Event: 23.485 Thread 0x000002d15548fde0 DEOPT UNPACKING pc=0x000002d1075846a2 sp=0x000000fb4c8fed28 mode 2
Event: 32.716 Thread 0x000002d15548fde0 Uncommon trap: trap_request=0xffffffbe fr.pc=0x000002d107ce4b18 relative=0x0000000000000d38
Event: 32.716 Thread 0x000002d15548fde0 Uncommon trap: reason=profile_predicate action=maybe_recompile pc=0x000002d107ce4b18 method=java.util.concurrent.locks.AbstractQueuedSynchronizer.acquire(Ljava/util/concurrent/locks/AbstractQueuedSynchronizer$Node;IZZZJ)I @ 20 c2
Event: 32.716 Thread 0x000002d15548fde0 DEOPT PACKING pc=0x000002d107ce4b18 sp=0x000000fb4c8fefc0
Event: 32.716 Thread 0x000002d15548fde0 DEOPT UNPACKING pc=0x000002d1075846a2 sp=0x000000fb4c8fef60 mode 2
Event: 32.719 Thread 0x000002d15589c1e0 Uncommon trap: trap_request=0xffffffbe fr.pc=0x000002d107ce4b18 relative=0x0000000000000d38
Event: 32.719 Thread 0x000002d15589c1e0 Uncommon trap: reason=profile_predicate action=maybe_recompile pc=0x000002d107ce4b18 method=java.util.concurrent.locks.AbstractQueuedSynchronizer.acquire(Ljava/util/concurrent/locks/AbstractQueuedSynchronizer$Node;IZZZJ)I @ 20 c2
Event: 32.719 Thread 0x000002d15589c1e0 DEOPT PACKING pc=0x000002d107ce4b18 sp=0x000000fb4c9fef50
Event: 32.719 Thread 0x000002d15589c1e0 DEOPT UNPACKING pc=0x000002d1075846a2 sp=0x000000fb4c9feef0 mode 2
Event: 32.733 Thread 0x000002d15548fde0 Uncommon trap: trap_request=0xffffffbe fr.pc=0x000002d107ce4b18 relative=0x0000000000000d38
Event: 32.733 Thread 0x000002d15548fde0 Uncommon trap: reason=profile_predicate action=maybe_recompile pc=0x000002d107ce4b18 method=java.util.concurrent.locks.AbstractQueuedSynchronizer.acquire(Ljava/util/concurrent/locks/AbstractQueuedSynchronizer$Node;IZZZJ)I @ 20 c2
Event: 32.733 Thread 0x000002d15548fde0 DEOPT PACKING pc=0x000002d107ce4b18 sp=0x000000fb4c8fefc0
Event: 32.733 Thread 0x000002d15548fde0 DEOPT UNPACKING pc=0x000002d1075846a2 sp=0x000000fb4c8fef60 mode 2
Event: 32.735 Thread 0x000002d15589c1e0 Uncommon trap: trap_request=0xffffffbe fr.pc=0x000002d107ce4b18 relative=0x0000000000000d38
Event: 32.735 Thread 0x000002d15589c1e0 Uncommon trap: reason=profile_predicate action=maybe_recompile pc=0x000002d107ce4b18 method=java.util.concurrent.locks.AbstractQueuedSynchronizer.acquire(Ljava/util/concurrent/locks/AbstractQueuedSynchronizer$Node;IZZZJ)I @ 20 c2
Event: 32.736 Thread 0x000002d15589c1e0 DEOPT PACKING pc=0x000002d107ce4b18 sp=0x000000fb4c9fef50
Event: 32.736 Thread 0x000002d15589c1e0 DEOPT UNPACKING pc=0x000002d1075846a2 sp=0x000000fb4c9feef0 mode 2

Classes loaded (20 events):
Event: 3.368 Loading class java/lang/FdLibm$Atan2
Event: 3.368 Loading class java/lang/FdLibm$Atan2 done
Event: 3.414 Loading class jdk/internal/ref/CleanerImpl$InnocuousThreadFactory
Event: 3.414 Loading class jdk/internal/ref/CleanerImpl$InnocuousThreadFactory done
Event: 3.431 Loading class sun/misc/Unsafe
Event: 3.431 Loading class sun/misc/Unsafe done
Event: 3.432 Loading class java/lang/invoke/DirectMethodHandle$StaticAccessor
Event: 3.432 Loading class java/lang/invoke/DirectMethodHandle$StaticAccessor done
Event: 3.519 Loading class jdk/internal/foreign/MemorySessionImpl
Event: 3.519 Loading class java/lang/foreign/MemorySegment$Scope
Event: 3.519 Loading class java/lang/foreign/MemorySegment$Scope done
Event: 3.520 Loading class jdk/internal/foreign/MemorySessionImpl done
Event: 3.554 Loading class java/lang/FdLibm$Acos
Event: 3.554 Loading class java/lang/FdLibm$Acos done
Event: 6.447 Loading class java/util/EnumMap$Values
Event: 6.447 Loading class java/util/EnumMap$Values done
Event: 6.447 Loading class java/util/EnumMap$ValueIterator
Event: 6.447 Loading class java/util/EnumMap$EnumMapIterator
Event: 6.447 Loading class java/util/EnumMap$EnumMapIterator done
Event: 6.447 Loading class java/util/EnumMap$ValueIterator done

Classes unloaded (0 events):
No events

Classes redefined (0 events):
No events

Internal exceptions (20 events):
Event: 2.130 Thread 0x000002d1558b4d20 Exception <a 'sun/nio/fs/WindowsException'{0x000000008832cb58}> (0x000000008832cb58) 
thrown [s\open\src\hotspot\share\prims\jni.cpp, line 520]
Event: 2.229 Thread 0x000002d1558b4d20 Implicit null exception at 0x000002d107b45fa0 to 0x000002d107b461e8
Event: 2.231 Thread 0x000002d1558b4d20 Implicit null exception at 0x000002d107b3ffa0 to 0x000002d107b401e4
Event: 2.233 Thread 0x000002d1558b4d20 Implicit null exception at 0x000002d107ae8f40 to 0x000002d107ae8fc5
Event: 2.440 Thread 0x000002d1558b4d20 Exception <a 'java/lang/IncompatibleClassChangeError'{0x0000000087a7b910}: Found class java.lang.Object, but interface was expected> (0x0000000087a7b910) 
thrown [s\open\src\hotspot\share\interpreter\linkResolver.cpp, line 840]
Event: 2.541 Thread 0x000002d1558b4d20 Exception <a 'java/lang/ClassNotFoundException'{0x0000000089c34c48}: com/sun/javafx/scene/control/skin/resources/controls> (0x0000000089c34c48) 
thrown [s\open\src\hotspot\share\prims\jni.cpp, line 539]
Event: 2.542 Thread 0x000002d1558b4d20 Exception <a 'java/lang/ClassNotFoundException'{0x0000000089c42e58}: com/sun/javafx/scene/control/skin/resources/controls_en> (0x0000000089c42e58) 
thrown [s\open\src\hotspot\share\prims\jni.cpp, line 539]
Event: 2.542 Thread 0x000002d1558b4d20 Exception <a 'java/lang/ClassNotFoundException'{0x0000000089c43e10}: com/sun/javafx/scene/control/skin/resources/controls_en_US> (0x0000000089c43e10) 
thrown [s\open\src\hotspot\share\prims\jni.cpp, line 539]
Event: 2.608 Thread 0x000002d1558b4d20 Exception <a 'java/lang/NoSuchMethodError'{0x0000000089a0cb80}: 'int java.lang.invoke.DirectMethodHandle$Holder.invokeSpecial(java.lang.Object, java.lang.Object, int)'> (0x0000000089a0cb80) 
thrown [s\open\src\hotspot\share\interpreter\linkResolver.cpp, line 773]
Event: 2.780 Thread 0x000002d1558b4d20 Exception <a 'java/lang/NoSuchMethodError'{0x0000000089575300}: 'void java.lang.invoke.DirectMethodHandle$Holder.invokeSpecial(java.lang.Object, java.lang.Object, java.lang.Object, java.lang.Object, java.lang.Object, java.lang.Object)'> (0x0000000089575300) 
thrown [s\open\src\hotspot\share\interpreter\linkResolver.cpp, line 773]
Event: 3.171 Thread 0x000002d1558b4d20 Exception <a 'java/lang/NoSuchMethodError'{0x0000000088b13c68}: 'void java.lang.invoke.DirectMethodHandle$Holder.invokeSpecial(java.lang.Object, java.lang.Object, int, int)'> (0x0000000088b13c68) 
thrown [s\open\src\hotspot\share\interpreter\linkResolver.cpp, line 773]
Event: 3.173 Thread 0x000002d1558b4d20 Exception <a 'java/lang/NoSuchMethodError'{0x0000000088b19cf8}: 'java.lang.Object java.lang.invoke.DirectMethodHandle$Holder.newInvokeSpecial(java.lang.Object, java.lang.Object, int, int)'> (0x0000000088b19cf8) 
thrown [s\open\src\hotspot\share\interpreter\linkResolver.cpp, line 773]
Event: 3.175 Thread 0x000002d1558b4d20 Exception <a 'java/lang/NoSuchMethodError'{0x0000000088b1dc28}: 'java.lang.Object java.lang.invoke.DirectMethodHandle$Holder.invokeSpecial(java.lang.Object, java.lang.Object, java.lang.Object, int, int)'> (0x0000000088b1dc28) 
thrown [s\open\src\hotspot\share\interpreter\linkResolver.cpp, line 773]
Event: 3.190 Thread 0x000002d1558b4d20 Exception <a 'java/lang/NoSuchMethodError'{0x0000000088b35cc8}: 'java.lang.Object java.lang.invoke.DirectMethodHandle$Holder.newInvokeSpecial(java.lang.Object, java.lang.Object, int)'> (0x0000000088b35cc8) 
thrown [s\open\src\hotspot\share\interpreter\linkResolver.cpp, line 773]
Event: 3.253 Thread 0x000002d1558b4d20 Exception <a 'java/lang/NoSuchMethodError'{0x0000000088b5a668}: 'long java.lang.invoke.DirectMethodHandle$Holder.invokeStatic(java.lang.Object, java.lang.Object, java.lang.Object)'> (0x0000000088b5a668) 
thrown [s\open\src\hotspot\share\interpreter\linkResolver.cpp, line 773]
Event: 3.253 Thread 0x000002d1558b4d20 Exception <a 'java/lang/NoSuchMethodError'{0x0000000088b5da48}: 'long java.lang.invoke.DirectMethodHandle$Holder.invokeStaticInit(java.lang.Object, java.lang.Object, java.lang.Object)'> (0x0000000088b5da48) 
thrown [s\open\src\hotspot\share\interpreter\linkResolver.cpp, line 773]
Event: 3.257 Thread 0x000002d1558b4d20 Exception <a 'java/lang/NoSuchMethodError'{0x0000000088b71ee0}: 'java.lang.Object java.lang.invoke.DirectMethodHandle$Holder.newInvokeSpecial(java.lang.Object, java.lang.Object, long)'> (0x0000000088b71ee0) 
thrown [s\open\src\hotspot\share\interpreter\linkResolver.cpp, line 773]
Event: 3.257 Thread 0x000002d1558b4d20 Exception <a 'java/lang/NoSuchMethodError'{0x0000000088b757a8}: 'java.lang.Object java.lang.invoke.Invokers$Holder.linkToTargetMethod(java.lang.Object, long, java.lang.Object)'> (0x0000000088b757a8) 
thrown [s\open\src\hotspot\share\interpreter\linkResolver.cpp, line 773]
Event: 3.261 Thread 0x000002d1558b4d20 Implicit null exception at 0x000002d107b8ab80 to 0x000002d107b8b2ac
Event: 3.312 Thread 0x000002d15548fde0 Exception <a 'java/lang/NoSuchMethodError'{0x0000000088915910}: 'int java.lang.invoke.DirectMethodHandle$Holder.invokeStaticInit(java.lang.Object, java.lang.Object)'> (0x0000000088915910) 
thrown [s\open\src\hotspot\share\interpreter\linkResolver.cpp, line 773]

ZGC Phase Switch (0 events):
No events

VM Operations (20 events):
Event: 36.049 Executing VM operation: Cleanup
Event: 36.049 Executing VM operation: Cleanup done
Event: 39.050 Executing VM operation: Cleanup
Event: 39.050 Executing VM operation: Cleanup done
Event: 40.051 Executing VM operation: Cleanup
Event: 40.051 Executing VM operation: Cleanup done
Event: 42.052 Executing VM operation: Cleanup
Event: 42.052 Executing VM operation: Cleanup done
Event: 45.054 Executing VM operation: Cleanup
Event: 45.054 Executing VM operation: Cleanup done
Event: 46.055 Executing VM operation: Cleanup
Event: 46.055 Executing VM operation: Cleanup done
Event: 47.056 Executing VM operation: Cleanup
Event: 47.056 Executing VM operation: Cleanup done
Event: 48.056 Executing VM operation: Cleanup
Event: 48.056 Executing VM operation: Cleanup done
Event: 49.057 Executing VM operation: Cleanup
Event: 49.057 Executing VM operation: Cleanup done
Event: 50.058 Executing VM operation: Cleanup
Event: 50.058 Executing VM operation: Cleanup done

Events (20 events):
Event: 0.609 Thread 0x000002d15547c820 Thread added: 0x000002d15547c820
Event: 0.925 Thread 0x000002d15547c820 Thread exited: 0x000002d15547c820
Event: 0.925 Thread 0x000002d10f531e10 Thread exited: 0x000002d10f531e10
Event: 1.018 Thread 0x000002d15548fde0 Thread added: 0x000002d15548fde0
Event: 1.154 Thread 0x000002d15589c1e0 Thread added: 0x000002d15589c1e0
Event: 1.159 Thread 0x000002d1558b4d20 Thread added: 0x000002d1558b4d20
Event: 1.279 Thread 0x000002d15593eab0 Thread added: 0x000002d15593eab0
Event: 1.295 Thread 0x000002d155973170 Thread added: 0x000002d155973170
Event: 1.706 Thread 0x000002d155b025b0 Thread added: 0x000002d155b025b0
Event: 1.720 Thread 0x000002d155971940 Thread added: 0x000002d155971940
Event: 2.229 Thread 0x000002d155971940 Thread exited: 0x000002d155971940
Event: 2.361 Thread 0x000002d155b025b0 Thread exited: 0x000002d155b025b0
Event: 2.426 Thread 0x000002d155aaa380 Thread added: 0x000002d155aaa380
Event: 2.668 Thread 0x000002d155c5dbb0 Thread added: 0x000002d155c5dbb0
Event: 3.055 Thread 0x000002d15640d720 Thread added: 0x000002d15640d720
Event: 3.416 Thread 0x000002d155aa8940 Thread added: 0x000002d155aa8940
Event: 3.807 Thread 0x000002d15640d720 Thread exited: 0x000002d15640d720
Event: 3.973 Thread 0x000002d155c5dbb0 Thread exited: 0x000002d155c5dbb0
Event: 6.541 Thread 0x000002d15b116430 Thread added: 0x000002d15b116430
Event: 6.889 Thread 0x000002d15b116430 Thread exited: 0x000002d15b116430


Dynamic libraries:
0x00007ff7b0150000 - 0x00007ff7b0160000 	C:\Program Files\Java\jdk-21\bin\java.exe
0x00007ff8ed340000 - 0x00007ff8ed5a8000 	C:\WINDOWS\SYSTEM32\ntdll.dll
0x00007ff8ebbc0000 - 0x00007ff8ebc89000 	C:\WINDOWS\System32\KERNEL32.DLL
0x00007ff8ea650000 - 0x00007ff8eaa42000 	C:\WINDOWS\System32\KERNELBASE.dll
0x00007ff8eadd0000 - 0x00007ff8eaf1b000 	C:\WINDOWS\System32\ucrtbase.dll
0x00007ff8e65e0000 - 0x00007ff8e65fb000 	C:\Program Files\Java\jdk-21\bin\VCRUNTIME140.dll
0x00007ff8d74d0000 - 0x00007ff8d74e9000 	C:\Program Files\Java\jdk-21\bin\jli.dll
0x00007ff8ebb00000 - 0x00007ff8ebbb4000 	C:\WINDOWS\System32\ADVAPI32.dll
0x00007ff8ec480000 - 0x00007ff8ec529000 	C:\WINDOWS\System32\msvcrt.dll
0x00007ff8ec530000 - 0x00007ff8ec5d6000 	C:\WINDOWS\System32\sechost.dll
0x00007ff8eb2d0000 - 0x00007ff8eb3e8000 	C:\WINDOWS\System32\RPCRT4.dll
0x00007ff8ec1b0000 - 0x00007ff8ec375000 	C:\WINDOWS\System32\USER32.dll
0x00007ff8eb0e0000 - 0x00007ff8eb107000 	C:\WINDOWS\System32\win32u.dll
0x00007ff8eba60000 - 0x00007ff8eba8b000 	C:\WINDOWS\System32\GDI32.dll
0x00007ff8eafb0000 - 0x00007ff8eb0dd000 	C:\WINDOWS\System32\gdi32full.dll
0x00007ff8eaa50000 - 0x00007ff8eaaf3000 	C:\WINDOWS\System32\msvcp_win.dll
0x00007ff8e96e0000 - 0x00007ff8e9973000 	C:\WINDOWS\WinSxS\amd64_microsoft.windows.common-controls_6595b64144ccf1df_6.0.26100.6899_none_3e0efeeae32e88c1\COMCTL32.dll
0x00007ff8de850000 - 0x00007ff8de85b000 	C:\WINDOWS\SYSTEM32\VERSION.dll
0x00007ff8ec5e0000 - 0x00007ff8ec60f000 	C:\WINDOWS\System32\IMM32.DLL
0x00007ff8dc000000 - 0x00007ff8dc00c000 	C:\Program Files\Java\jdk-21\bin\vcruntime140_1.dll
0x00007ff8d6580000 - 0x00007ff8d660e000 	C:\Program Files\Java\jdk-21\bin\msvcp140.dll
0x00007ff89aca0000 - 0x00007ff89b9bd000 	C:\Program Files\Java\jdk-21\bin\server\jvm.dll
0x00007ff8eb110000 - 0x00007ff8eb184000 	C:\WINDOWS\System32\WS2_32.dll
0x00007ff8ea330000 - 0x00007ff8ea38e000 	C:\WINDOWS\SYSTEM32\POWRPROF.dll
0x00007ff8da3f0000 - 0x00007ff8da425000 	C:\WINDOWS\SYSTEM32\WINMM.dll
0x00007ff8ea310000 - 0x00007ff8ea324000 	C:\WINDOWS\SYSTEM32\UMPDC.dll
0x00007ff8e8970000 - 0x00007ff8e898b000 	C:\WINDOWS\SYSTEM32\kernel.appcore.dll
0x00007ff8dbf50000 - 0x00007ff8dbf5a000 	C:\Program Files\Java\jdk-21\bin\jimage.dll
0x00007ff8e9c90000 - 0x00007ff8e9ed2000 	C:\WINDOWS\SYSTEM32\DBGHELP.DLL
0x00007ff8ecf80000 - 0x00007ff8ed2fb000 	C:\WINDOWS\System32\combase.dll
0x00007ff8ec380000 - 0x00007ff8ec457000 	C:\WINDOWS\System32\OLEAUT32.dll
0x00007ff8e9b80000 - 0x00007ff8e9bbc000 	C:\WINDOWS\SYSTEM32\dbgcore.DLL
0x00007ff8ead30000 - 0x00007ff8eadc8000 	C:\WINDOWS\System32\bcryptPrimitives.dll
0x00007ff8e4610000 - 0x00007ff8e461f000 	C:\Program Files\Java\jdk-21\bin\instrument.dll
0x00007ff8d71a0000 - 0x00007ff8d71bf000 	C:\Program Files\Java\jdk-21\bin\java.dll
0x00007ff8ec790000 - 0x00007ff8ecedd000 	C:\WINDOWS\System32\SHELL32.dll
0x00007ff8eab00000 - 0x00007ff8eac6b000 	C:\WINDOWS\System32\wintypes.dll
0x00007ff8e7690000 - 0x00007ff8e7eed000 	C:\WINDOWS\SYSTEM32\windows.storage.dll
0x00007ff8ec680000 - 0x00007ff8ec772000 	C:\WINDOWS\System32\SHCORE.dll
0x00007ff8eba90000 - 0x00007ff8ebaf2000 	C:\WINDOWS\System32\shlwapi.dll
0x00007ff8ea3f0000 - 0x00007ff8ea419000 	C:\WINDOWS\SYSTEM32\profapi.dll
0x00007ff8d5380000 - 0x00007ff8d5457000 	C:\Program Files\Java\jdk-21\bin\jsvml.dll
0x00007ff8e4260000 - 0x00007ff8e4270000 	C:\Program Files\Java\jdk-21\bin\net.dll
0x00007ff8ddd50000 - 0x00007ff8dde6f000 	C:\WINDOWS\SYSTEM32\WINHTTP.dll
0x00007ff8e8ea0000 - 0x00007ff8e8f0b000 	C:\WINDOWS\system32\mswsock.dll
0x00007ff8d67b0000 - 0x00007ff8d67c6000 	C:\Program Files\Java\jdk-21\bin\nio.dll
0x00007ff8d6790000 - 0x00007ff8d67a8000 	C:\Program Files\Java\jdk-21\bin\zip.dll
0x000002d10f830000 - 0x000002d10f833000 	C:\Users\pipou\.openjfx\cache\21.0.6+3\amd64\api-ms-win-core-console-l1-1-0.dll
0x000002d10f840000 - 0x000002d10f843000 	C:\Users\pipou\.openjfx\cache\21.0.6+3\amd64\api-ms-win-core-console-l1-2-0.dll
0x000002d10f850000 - 0x000002d10f853000 	C:\Users\pipou\.openjfx\cache\21.0.6+3\amd64\api-ms-win-core-datetime-l1-1-0.dll
0x000002d10f860000 - 0x000002d10f863000 	C:\Users\pipou\.openjfx\cache\21.0.6+3\amd64\api-ms-win-core-debug-l1-1-0.dll
0x000002d10f870000 - 0x000002d10f873000 	C:\Users\pipou\.openjfx\cache\21.0.6+3\amd64\api-ms-win-core-errorhandling-l1-1-0.dll
0x000002d10f880000 - 0x000002d10f884000 	C:\Users\pipou\.openjfx\cache\21.0.6+3\amd64\api-ms-win-core-file-l1-1-0.dll
0x000002d10f890000 - 0x000002d10f893000 	C:\Users\pipou\.openjfx\cache\21.0.6+3\amd64\api-ms-win-core-file-l1-2-0.dll
0x000002d10f8a0000 - 0x000002d10f8a3000 	C:\Users\pipou\.openjfx\cache\21.0.6+3\amd64\api-ms-win-core-file-l2-1-0.dll
0x000002d10f8b0000 - 0x000002d10f8b3000 	C:\Users\pipou\.openjfx\cache\21.0.6+3\amd64\api-ms-win-core-handle-l1-1-0.dll
0x000002d10f8c0000 - 0x000002d10f8c3000 	C:\Users\pipou\.openjfx\cache\21.0.6+3\amd64\api-ms-win-core-heap-l1-1-0.dll
0x000002d10f8d0000 - 0x000002d10f8d3000 	C:\Users\pipou\.openjfx\cache\21.0.6+3\amd64\api-ms-win-core-interlocked-l1-1-0.dll
0x000002d10f8e0000 - 0x000002d10f8e3000 	C:\Users\pipou\.openjfx\cache\21.0.6+3\amd64\api-ms-win-core-libraryloader-l1-1-0.dll
0x000002d10f8f0000 - 0x000002d10f8f3000 	C:\Users\pipou\.openjfx\cache\21.0.6+3\amd64\api-ms-win-core-localization-l1-2-0.dll
0x000002d10f900000 - 0x000002d10f903000 	C:\Users\pipou\.openjfx\cache\21.0.6+3\amd64\api-ms-win-core-memory-l1-1-0.dll
0x000002d10f910000 - 0x000002d10f913000 	C:\Users\pipou\.openjfx\cache\21.0.6+3\amd64\api-ms-win-core-namedpipe-l1-1-0.dll
0x000002d10f920000 - 0x000002d10f923000 	C:\Users\pipou\.openjfx\cache\21.0.6+3\amd64\api-ms-win-core-processenvironment-l1-1-0.dll
0x000002d10f930000 - 0x000002d10f933000 	C:\Users\pipou\.openjfx\cache\21.0.6+3\amd64\api-ms-win-core-processthreads-l1-1-0.dll
0x000002d10f940000 - 0x000002d10f943000 	C:\Users\pipou\.openjfx\cache\21.0.6+3\amd64\api-ms-win-core-processthreads-l1-1-1.dll
0x000002d10f950000 - 0x000002d10f953000 	C:\Users\pipou\.openjfx\cache\21.0.6+3\amd64\api-ms-win-core-profile-l1-1-0.dll
0x000002d10f960000 - 0x000002d10f963000 	C:\Users\pipou\.openjfx\cache\21.0.6+3\amd64\api-ms-win-core-rtlsupport-l1-1-0.dll
0x000002d10f970000 - 0x000002d10f973000 	C:\Users\pipou\.openjfx\cache\21.0.6+3\amd64\api-ms-win-core-string-l1-1-0.dll
0x000002d10f980000 - 0x000002d10f983000 	C:\Users\pipou\.openjfx\cache\21.0.6+3\amd64\api-ms-win-core-synch-l1-1-0.dll
0x000002d10f990000 - 0x000002d10f993000 	C:\Users\pipou\.openjfx\cache\21.0.6+3\amd64\api-ms-win-core-synch-l1-2-0.dll
0x000002d10f9a0000 - 0x000002d10f9a3000 	C:\Users\pipou\.openjfx\cache\21.0.6+3\amd64\api-ms-win-core-sysinfo-l1-1-0.dll
0x000002d10f9b0000 - 0x000002d10f9b3000 	C:\Users\pipou\.openjfx\cache\21.0.6+3\amd64\api-ms-win-core-timezone-l1-1-0.dll
0x000002d10f9c0000 - 0x000002d10f9c3000 	C:\Users\pipou\.openjfx\cache\21.0.6+3\amd64\api-ms-win-core-util-l1-1-0.dll
0x000002d10f9d0000 - 0x000002d10f9d3000 	C:\Users\pipou\.openjfx\cache\21.0.6+3\amd64\api-ms-win-crt-conio-l1-1-0.dll
0x000002d10f9e0000 - 0x000002d10f9e4000 	C:\Users\pipou\.openjfx\cache\21.0.6+3\amd64\api-ms-win-crt-convert-l1-1-0.dll
0x000002d10f9f0000 - 0x000002d10f9f3000 	C:\Users\pipou\.openjfx\cache\21.0.6+3\amd64\api-ms-win-crt-environment-l1-1-0.dll
0x000002d10fa00000 - 0x000002d10fa03000 	C:\Users\pipou\.openjfx\cache\21.0.6+3\amd64\api-ms-win-crt-filesystem-l1-1-0.dll
0x000002d10fa10000 - 0x000002d10fa13000 	C:\Users\pipou\.openjfx\cache\21.0.6+3\amd64\api-ms-win-crt-heap-l1-1-0.dll
0x000002d10fa20000 - 0x000002d10fa23000 	C:\Users\pipou\.openjfx\cache\21.0.6+3\amd64\api-ms-win-crt-locale-l1-1-0.dll
0x000002d10fa30000 - 0x000002d10fa35000 	C:\Users\pipou\.openjfx\cache\21.0.6+3\amd64\api-ms-win-crt-math-l1-1-0.dll
0x000002d10fa40000 - 0x000002d10fa45000 	C:\Users\pipou\.openjfx\cache\21.0.6+3\amd64\api-ms-win-crt-multibyte-l1-1-0.dll
0x000002d10fa50000 - 0x000002d10fa60000 	C:\Users\pipou\.openjfx\cache\21.0.6+3\amd64\api-ms-win-crt-private-l1-1-0.dll
0x000002d10fa60000 - 0x000002d10fa63000 	C:\Users\pipou\.openjfx\cache\21.0.6+3\amd64\api-ms-win-crt-process-l1-1-0.dll
0x000002d10fa70000 - 0x000002d10fa74000 	C:\Users\pipou\.openjfx\cache\21.0.6+3\amd64\api-ms-win-crt-runtime-l1-1-0.dll
0x000002d10fa80000 - 0x000002d10fa84000 	C:\Users\pipou\.openjfx\cache\21.0.6+3\amd64\api-ms-win-crt-stdio-l1-1-0.dll
0x000002d10fa90000 - 0x000002d10fa94000 	C:\Users\pipou\.openjfx\cache\21.0.6+3\amd64\api-ms-win-crt-string-l1-1-0.dll
0x000002d10faa0000 - 0x000002d10faa3000 	C:\Users\pipou\.openjfx\cache\21.0.6+3\amd64\api-ms-win-crt-time-l1-1-0.dll
0x000002d10fab0000 - 0x000002d10fab3000 	C:\Users\pipou\.openjfx\cache\21.0.6+3\amd64\api-ms-win-crt-utility-l1-1-0.dll
0x00007ff8c90d0000 - 0x00007ff8c91cc000 	C:\Users\pipou\.openjfx\cache\21.0.6+3\amd64\ucrtbase.dll
0x00007ff8e2e90000 - 0x00007ff8e2eab000 	C:\Users\pipou\.openjfx\cache\21.0.6+3\amd64\vcruntime140.dll
0x00007ff8e2e80000 - 0x00007ff8e2e8c000 	C:\Users\pipou\.openjfx\cache\21.0.6+3\amd64\vcruntime140_1.dll
0x00007ff8c9040000 - 0x00007ff8c90ce000 	C:\Users\pipou\.openjfx\cache\21.0.6+3\amd64\msvcp140.dll
0x00007ff8d7d80000 - 0x00007ff8d7d89000 	C:\Users\pipou\.openjfx\cache\21.0.6+3\amd64\msvcp140_1.dll
0x00007ff8c62e0000 - 0x00007ff8c6321000 	C:\Users\pipou\.openjfx\cache\21.0.6+3\amd64\msvcp140_2.dll
0x00007ff8d52a0000 - 0x00007ff8d52d0000 	C:\Users\pipou\.openjfx\cache\21.0.6+3\amd64\prism_d3d.dll
0x00007ff8c6120000 - 0x00007ff8c62d0000 	C:\WINDOWS\system32\d3d9.dll
0x00007ff8e6fa0000 - 0x00007ff8e6fcd000 	C:\WINDOWS\SYSTEM32\dwmapi.dll
0x00007ff8e6fe0000 - 0x00007ff8e7024000 	C:\WINDOWS\SYSTEM32\dxcore.dll
0x00007ff8e6870000 - 0x00007ff8e691a000 	C:\WINDOWS\system32\uxtheme.dll
0x00007ff8c5f70000 - 0x00007ff8c611f000 	C:\WINDOWS\System32\DriverStore\FileRepository\iigd_dch.inf_amd64_51f685305808e3a5\igdumdim64.dll
0x00007ff8ebfa0000 - 0x00007ff8ec138000 	C:\WINDOWS\System32\ole32.dll
0x00007ff86fad0000 - 0x00007ff872b73000 	C:\WINDOWS\System32\DriverStore\FileRepository\iigd_dch.inf_amd64_51f685305808e3a5\igd9dxva64.dll
0x00007ff8eb5d0000 - 0x00007ff8eba58000 	C:\WINDOWS\System32\SETUPAPI.dll
0x00007ff8ea020000 - 0x00007ff8ea077000 	C:\WINDOWS\SYSTEM32\cfgmgr32.dll
0x00007ff8e2080000 - 0x00007ff8e2489000 	C:\WINDOWS\System32\DriverStore\FileRepository\iigd_dch.inf_amd64_51f685305808e3a5\igdgmm64.dll
0x00007ff8e4120000 - 0x00007ff8e4183000 	C:\WINDOWS\SYSTEM32\directxdatabasehelper.dll
0x00007ff8c5f20000 - 0x00007ff8c5f62000 	C:\Users\pipou\.openjfx\cache\21.0.6+3\amd64\glass.dll
0x00007ff8ebea0000 - 0x00007ff8ebf93000 	C:\WINDOWS\System32\COMDLG32.dll
0x00007ff8ebc90000 - 0x00007ff8ebdeb000 	C:\WINDOWS\System32\MSCTF.dll
0x00007ff89bcb0000 - 0x00007ff89bcd7000 	C:\WINDOWS\System32\DriverStore\FileRepository\iigd_dch.inf_amd64_51f685305808e3a5\igdinfo64.dll
0x00007ff8de8a0000 - 0x00007ff8e2034000 	C:\WINDOWS\System32\DriverStore\FileRepository\iigd_dch.inf_amd64_51f685305808e3a5\igc64.dll
0x00007ff8c9020000 - 0x00007ff8c9035000 	C:\Users\pipou\.openjfx\cache\21.0.6+3\amd64\javafx_font.dll
0x00007ff8e50d0000 - 0x00007ff8e5337000 	C:\WINDOWS\SYSTEM32\dwrite.dll
0x00007ff8eb210000 - 0x00007ff8eb2c1000 	C:\WINDOWS\System32\clbcatq.dll
0x00007ff8e4e90000 - 0x00007ff8e50c0000 	C:\WINDOWS\SYSTEM32\WindowsCodecs.dll
0x00007ff8bca40000 - 0x00007ff8bca9a000 	C:\WINDOWS\system32\dataexchange.dll
0x00007ff8dcce0000 - 0x00007ff8dcf25000 	C:\WINDOWS\system32\twinapi.appcore.dll
0x00007ff8c8410000 - 0x00007ff8c843c000 	C:\Program Files\Common Files\Microsoft Shared\Ink\rtscom.dll
0x00007ff8d7fe0000 - 0x00007ff8d812a000 	C:\WINDOWS\SYSTEM32\textinputframework.dll
0x00007ff8e6320000 - 0x00007ff8e6445000 	C:\WINDOWS\SYSTEM32\CoreMessaging.dll
0x00007ff8e3950000 - 0x00007ff8e3c33000 	C:\WINDOWS\SYSTEM32\CoreUIComponents.dll
0x00007ff8e9190000 - 0x00007ff8e919c000 	C:\WINDOWS\SYSTEM32\CRYPTBASE.DLL

dbghelp: loaded successfully - version: 4.0.5 - missing functions: none
symbol engine: initialized successfully - sym options: 0x614 - pdb path: .;C:\Program Files\Java\jdk-21\bin;C:\WINDOWS\SYSTEM32;C:\WINDOWS\WinSxS\amd64_microsoft.windows.common-controls_6595b64144ccf1df_6.0.26100.6899_none_3e0efeeae32e88c1;C:\Program Files\Java\jdk-21\bin\server;C:\Users\pipou\.openjfx\cache\21.0.6+3\amd64;C:\WINDOWS\System32\DriverStore\FileRepository\iigd_dch.inf_amd64_51f685305808e3a5;C:\Program Files\Common Files\Microsoft Shared\Ink

VM Arguments:
jvm_args: -javaagent:C:\Program Files\JetBrains\IntelliJ IDEA Community Edition 2025.2.4\lib\idea_rt.jar=53514 -Dfile.encoding=UTF-8 -Dsun.stdout.encoding=UTF-8 -Dsun.stderr.encoding=UTF-8 --module-path=C:\Users\pipou\.m2\repository\org\openjfx\javafx-fxml\21.0.6\javafx-fxml-21.0.6-win.jar;C:\Users\pipou\IdeaProjects\Text_Analyzer\target\classes;C:\Users\pipou\.m2\repository\org\openjfx\javafx-base\21.0.6\javafx-base-21.0.6-win.jar;C:\Users\pipou\.m2\repository\org\openjfx\javafx-controls\21.0.6\javafx-controls-21.0.6-win.jar;C:\Users\pipou\.m2\repository\org\openjfx\javafx-graphics\21.0.6\javafx-graphics-21.0.6-win.jar -Djdk.module.main=com.example.text_analyzer 
java_command: com.example.text_analyzer/com.example.text_analyzer.HelloApplication
java_class_path (initial): C:\Users\pipou\.m2\repository\org\openjfx\javafx-controls\21.0.6\javafx-controls-21.0.6.jar;C:\Users\pipou\.m2\repository\org\openjfx\javafx-graphics\21.0.6\javafx-graphics-21.0.6.jar;C:\Users\pipou\.m2\repository\org\openjfx\javafx-base\21.0.6\javafx-base-21.0.6.jar;C:\Users\pipou\.m2\repository\org\openjfx\javafx-fxml\21.0.6\javafx-fxml-21.0.6.jar
Launcher Type: SUN_STANDARD

[Global flags]
     intx CICompilerCount                          = 4                                         {product} {ergonomic}
     uint ConcGCThreads                            = 2                                         {product} {ergonomic}
     uint G1ConcRefinementThreads                  = 8                                         {product} {ergonomic}
   size_t G1HeapRegionSize                         = 1048576                                   {product} {ergonomic}
    uintx GCDrainStackTargetSize                   = 64                                        {product} {ergonomic}
   size_t InitialHeapSize                          = 134217728                                 {product} {ergonomic}
   size_t MarkStackSize                            = 4194304                                   {product} {ergonomic}
   size_t MaxHeapSize                              = 2116026368                                {product} {ergonomic}
   size_t MaxNewSize                               = 1268776960                                {product} {ergonomic}
   size_t MinHeapDeltaBytes                        = 1048576                                   {product} {ergonomic}
   size_t MinHeapSize                              = 8388608                                   {product} {ergonomic}
    uintx NonNMethodCodeHeapSize                   = 5839372                                {pd product} {ergonomic}
    uintx NonProfiledCodeHeapSize                  = 122909434                              {pd product} {ergonomic}
    uintx ProfiledCodeHeapSize                     = 122909434                              {pd product} {ergonomic}
    uintx ReservedCodeCacheSize                    = 251658240                              {pd product} {ergonomic}
     bool SegmentedCodeCache                       = true                                      {product} {ergonomic}
   size_t SoftMaxHeapSize                          = 2116026368                             {manageable} {ergonomic}
     bool UseCompressedOops                        = true                           {product lp64_product} {ergonomic}
     bool UseG1GC                                  = true                                      {product} {ergonomic}
     bool UseLargePagesIndividualAllocation        = false                                  {pd product} {ergonomic}

Logging:
Log output configuration:
 #0: stdout all=warning uptime,level,tags foldmultilines=false
 #1: stderr all=off uptime,level,tags foldmultilines=false

Environment Variables:
PATH=C:\Program Files\Common Files\Oracle\Java\javapath;C:\WINDOWS\system32;C:\WINDOWS;C:\WINDOWS\System32\Wbem;C:\WINDOWS\System32\WindowsPowerShell\v1.0\;C:\WINDOWS\System32\OpenSSH\;C:\Program Files\Git\cmd;C:\Program Files\nodejs\;C:\Users\pipou\Downloads\apache-maven-4.0.0-rc-4-bin\apache-maven-4.0.0-rc-4\bin;C:\Program Files\MySQL\MySQL Shell 8.0\bin\;C:\Users\pipou\AppData\Local\Microsoft\WindowsApps;C:\Users\pipou\AppData\Local\Programs\Microsoft VS Code\bin;C:\Users\pipou\AppData\Roaming\npm;C:\Program Files\JetBrains\IntelliJ IDEA Community Edition 2025.2.4\bin
USERNAME=pipou
OS=Windows_NT
PROCESSOR_IDENTIFIER=Intel64 Family 6 Model 142 Stepping 10, GenuineIntel
TMP=C:\Users\pipou\AppData\Local\Temp
TEMP=C:\Users\pipou\AppData\Local\Temp




Periodic native trim disabled

---------------  S Y S T E M  ---------------

OS:
 Windows 11 , 64 bit Build 26100 (10.0.26100.6725)
OS uptime: 0 days 0:27 hours
Hyper-V role detected

CPU: total 8 (initial active 8) (4 cores per cpu, 2 threads per core) family 6 model 142 stepping 10 microcode 0xe0, cx8, cmov, fxsr, ht, mmx, 3dnowpref, sse, sse2, sse3, ssse3, sse4.1, sse4.2, popcnt, lzcnt, tsc, tscinvbit, avx, avx2, aes, erms, clmul, bmi1, bmi2, adx, fma, vzeroupper, clflush, clflushopt, hv, rdtscp, f16c
Processor Information for processor 0
  Max Mhz: 1992, Current Mhz: 1792, Mhz Limit: 1792
Processor Information for processor 1
  Max Mhz: 1992, Current Mhz: 1494, Mhz Limit: 1792
Processor Information for processor 2
  Max Mhz: 1992, Current Mhz: 1792, Mhz Limit: 1792
Processor Information for processor 3
  Max Mhz: 1992, Current Mhz: 1494, Mhz Limit: 1792
Processor Information for processor 4
  Max Mhz: 1992, Current Mhz: 1494, Mhz Limit: 1792
Processor Information for processor 5
  Max Mhz: 1992, Current Mhz: 1494, Mhz Limit: 1792
Processor Information for processor 6
  Max Mhz: 1992, Current Mhz: 1494, Mhz Limit: 1792
Processor Information for processor 7
  Max Mhz: 1992, Current Mhz: 1494, Mhz Limit: 1792

Memory: 4k page, system-wide physical 8067M (1553M free)
TotalPageFile size 11779M (AvailPageFile size 4459M)
current process WorkingSet (physical memory assigned to process): 214M, peak: 215M
current process commit charge ("private bytes"): 318M, peak: 322M

vm_info: Java HotSpot(TM) 64-Bit Server VM (21.0.9+7-LTS-338) for windows-amd64 JRE (21.0.9+7-LTS-338), built on 2025-09-26T06:33:49Z by "mach5run" with MS VC++ 17.6 (VS2022)

END.
